<?xml version="1.0" encoding="UTF-8"?>
<!-- Generated by org.testng.reporters.JUnitReportReporter -->
<testsuite hostname="DESKTOP-IRE7K3E" failures="0" tests="1" name="Runner.JsonData" time="0.038" errors="0" timestamp="2022-06-09T12:18:14 IST" skipped="0">
  <testcase classname="Runner.JsonData" name="loadmethods" time="0.038"/>
  <system-out/>
</testsuite> <!-- Runner.JsonData -->
