<?xml version="1.0" encoding="UTF-8"?>
<!-- Generated by org.testng.reporters.JUnitReportReporter -->
<testsuite hostname="DESKTOP-IRE7K3E" failures="0" tests="1" name="TestCases.Session" time="12.801" errors="0" timestamp="2022-05-24T13:04:41 IST" skipped="0">
  <testcase classname="TestCases.Session" name="doLogin" time="12.801"/>
  <system-out/>
</testsuite> <!-- TestCases.Session -->
