<?xml version="1.0" encoding="UTF-8"?>
<!-- Generated by org.testng.reporters.JUnitReportReporter -->
<testsuite hostname="DESKTOP-IRE7K3E" failures="0" tests="1" name="TestBase.CreateRediffAutomate" time="32.341" errors="0" timestamp="2022-05-14T18:17:18 IST" skipped="0">
  <testcase classname="TestBase.CreateRediffAutomate" name="createPortfoli" time="32.341"/>
  <system-out/>
</testsuite> <!-- TestBase.CreateRediffAutomate -->
