<?xml version="1.0" encoding="UTF-8"?>
<!-- Generated by org.testng.reporters.JUnitReportReporter -->
<testsuite hostname="DESKTOP-IRE7K3E" failures="0" tests="8" name="TestCases.StockManagement" time="47.060" errors="0" timestamp="2022-06-23T00:06:21 IST" skipped="6">
  <testcase classname="TestCases.StockManagement" name="sellTheStock" time="0.000">
    <skipped/>
  </testcase> <!-- sellTheStock -->
  <system-out/>
  <testcase classname="TestCases.StockManagement" name="buyTheStock" time="36.532"/>
  <system-out/>
  <testcase classname="TestCases.StockManagement" name="goToCompany" time="0.001">
    <skipped/>
  </testcase> <!-- goToCompany -->
  <system-out/>
  <testcase classname="TestCases.StockManagement" name="sellTheStock" time="0.001">
    <skipped/>
  </testcase> <!-- sellTheStock -->
  <system-out/>
  <testcase classname="TestCases.StockManagement" name="goToCompany" time="10.523"/>
  <system-out/>
  <testcase classname="TestCases.StockManagement" name="goToCompany" time="0.002">
    <skipped/>
  </testcase> <!-- goToCompany -->
  <system-out/>
  <testcase classname="TestCases.StockManagement" name="goToCompany" time="0.001">
    <skipped/>
  </testcase> <!-- goToCompany -->
  <system-out/>
  <testcase classname="TestCases.StockManagement" name="buyTheStock" time="0.000">
    <skipped/>
  </testcase> <!-- buyTheStock -->
  <system-out/>
</testsuite> <!-- TestCases.StockManagement -->
