<?xml version="1.0" encoding="UTF-8"?>
<!-- Generated by org.testng.reporters.JUnitReportReporter -->
<testsuite hostname="DESKTOP-IRE7K3E" failures="0" tests="8" name="TestCases.DoLogin" time="71.482" errors="0" timestamp="2022-06-23T00:06:21 IST" skipped="6">
  <testcase classname="TestCases.DoLogin" name="selectPortfolio" time="0.000">
    <skipped/>
  </testcase> <!-- selectPortfolio -->
  <system-out/>
  <testcase classname="TestCases.DoLogin" name="selectPortfolio" time="10.591"/>
  <system-out/>
  <testcase classname="TestCases.DoLogin" name="doLogin" time="60.889"/>
  <system-out/>
  <testcase classname="TestCases.DoLogin" name="selectPortfolio" time="0.000">
    <skipped/>
  </testcase> <!-- selectPortfolio -->
  <system-out/>
  <testcase classname="TestCases.DoLogin" name="doLogin" time="0.001">
    <skipped/>
  </testcase> <!-- doLogin -->
  <system-out/>
  <testcase classname="TestCases.DoLogin" name="doLogin" time="0.000">
    <skipped/>
  </testcase> <!-- doLogin -->
  <system-out/>
  <testcase classname="TestCases.DoLogin" name="selectPortfolio" time="0.001">
    <skipped/>
  </testcase> <!-- selectPortfolio -->
  <system-out/>
  <testcase classname="TestCases.DoLogin" name="doLogin" time="0.000">
    <skipped/>
  </testcase> <!-- doLogin -->
  <system-out/>
</testsuite> <!-- TestCases.DoLogin -->
