<?xml version="1.0" encoding="UTF-8"?>
<!-- Generated by org.testng.reporters.JUnitReportReporter -->
<testsuite hostname="DESKTOP-IRE7K3E" failures="0" tests="1" name="Calendar.SelectDate" time="0.104" errors="0" timestamp="2022-05-19T12:46:21 IST" skipped="0">
  <testcase classname="Calendar.SelectDate" name="selectDateFromCalendar" time="0.104"/>
  <system-out/>
</testsuite> <!-- Calendar.SelectDate -->
