<?xml version="1.0" encoding="UTF-8"?>
<!-- Generated by org.testng.reporters.JUnitReportReporter -->
<testsuite hostname="DESKTOP-IRE7K3E" failures="0" tests="16" name="TestCases.StockManagement" time="194.758" errors="0" timestamp="2022-06-11T11:42:31 IST" skipped="8">
  <testcase classname="TestCases.StockManagement" name="goToCompany" time="10.377"/>
  <system-out/>
  <testcase classname="TestCases.StockManagement" name="goToCompany" time="10.489"/>
  <system-out/>
  <testcase classname="TestCases.StockManagement" name="sellTheStock" time="40.018"/>
  <system-out/>
  <testcase classname="TestCases.StockManagement" name="sellTheStock" time="40.287"/>
  <system-out/>
  <testcase classname="TestCases.StockManagement" name="buyTheStock" time="36.525"/>
  <system-out/>
  <testcase classname="TestCases.StockManagement" name="goToCompany" time="0.000">
    <skipped/>
  </testcase> <!-- goToCompany -->
  <system-out/>
  <testcase classname="TestCases.StockManagement" name="buyTheStock" time="36.112"/>
  <system-out/>
  <testcase classname="TestCases.StockManagement" name="goToCompany" time="0.001">
    <skipped/>
  </testcase> <!-- goToCompany -->
  <system-out/>
  <testcase classname="TestCases.StockManagement" name="goToCompany" time="10.522"/>
  <system-out/>
  <testcase classname="TestCases.StockManagement" name="sellTheStock" time="0.000">
    <skipped/>
  </testcase> <!-- sellTheStock -->
  <system-out/>
  <testcase classname="TestCases.StockManagement" name="sellTheStock" time="0.000">
    <skipped/>
  </testcase> <!-- sellTheStock -->
  <system-out/>
  <testcase classname="TestCases.StockManagement" name="goToCompany" time="10.426"/>
  <system-out/>
  <testcase classname="TestCases.StockManagement" name="goToCompany" time="0.001">
    <skipped/>
  </testcase> <!-- goToCompany -->
  <system-out/>
  <testcase classname="TestCases.StockManagement" name="buyTheStock" time="0.000">
    <skipped/>
  </testcase> <!-- buyTheStock -->
  <system-out/>
  <testcase classname="TestCases.StockManagement" name="buyTheStock" time="0.000">
    <skipped/>
  </testcase> <!-- buyTheStock -->
  <system-out/>
  <testcase classname="TestCases.StockManagement" name="goToCompany" time="0.000">
    <skipped/>
  </testcase> <!-- goToCompany -->
  <system-out/>
</testsuite> <!-- TestCases.StockManagement -->
