<?xml version="1.0" encoding="UTF-8"?>
<!-- Generated by org.testng.reporters.JUnitReportReporter -->
<testsuite hostname="DESKTOP-IRE7K3E" failures="0" tests="16" name="TestCases.DoLogin" time="128.158" errors="0" timestamp="2022-06-11T11:42:31 IST" skipped="8">
  <testcase classname="TestCases.DoLogin" name="doLogin" time="0.000">
    <skipped/>
  </testcase> <!-- doLogin -->
  <system-out/>
  <testcase classname="TestCases.DoLogin" name="selectPortfolio" time="0.001">
    <skipped/>
  </testcase> <!-- selectPortfolio -->
  <system-out/>
  <testcase classname="TestCases.DoLogin" name="selectPortfolio" time="8.111"/>
  <system-out/>
  <testcase classname="TestCases.DoLogin" name="doLogin" time="21.254"/>
  <system-out/>
  <testcase classname="TestCases.DoLogin" name="doLogin" time="12.375"/>
  <system-out/>
  <testcase classname="TestCases.DoLogin" name="doLogin" time="0.001">
    <skipped/>
  </testcase> <!-- doLogin -->
  <system-out/>
  <testcase classname="TestCases.DoLogin" name="selectPortfolio" time="9.554"/>
  <system-out/>
  <testcase classname="TestCases.DoLogin" name="selectPortfolio" time="0.000">
    <skipped/>
  </testcase> <!-- selectPortfolio -->
  <system-out/>
  <testcase classname="TestCases.DoLogin" name="selectPortfolio" time="0.000">
    <skipped/>
  </testcase> <!-- selectPortfolio -->
  <system-out/>
  <testcase classname="TestCases.DoLogin" name="selectPortfolio" time="8.807"/>
  <system-out/>
  <testcase classname="TestCases.DoLogin" name="doLogin" time="0.000">
    <skipped/>
  </testcase> <!-- doLogin -->
  <system-out/>
  <testcase classname="TestCases.DoLogin" name="doLogin" time="0.000">
    <skipped/>
  </testcase> <!-- doLogin -->
  <system-out/>
  <testcase classname="TestCases.DoLogin" name="selectPortfolio" time="8.267"/>
  <system-out/>
  <testcase classname="TestCases.DoLogin" name="selectPortfolio" time="0.000">
    <skipped/>
  </testcase> <!-- selectPortfolio -->
  <system-out/>
  <testcase classname="TestCases.DoLogin" name="doLogin" time="31.921"/>
  <system-out/>
  <testcase classname="TestCases.DoLogin" name="doLogin" time="27.867"/>
  <system-out/>
</testsuite> <!-- TestCases.DoLogin -->
