<?xml version="1.0" encoding="UTF-8"?>
<!-- Generated by org.testng.reporters.JUnitReportReporter -->
<testsuite skipped="0" hostname="DESKTOP-IRE7K3E" name="TestCases.DoLogin" tests="4" failures="0" timestamp="2022-05-27T13:09:12 IST" time="68.395" errors="0">
  <testcase name="doLogin" time="28.870" classname="TestCases.DoLogin"/>
  <system-out/>
  <testcase name="selectPortfolio" time="8.667" classname="TestCases.DoLogin"/>
  <system-out/>
  <testcase name="doLogin" time="22.231" classname="TestCases.DoLogin"/>
  <system-out/>
  <testcase name="selectPortfolio" time="8.627" classname="TestCases.DoLogin"/>
  <system-out/>
</testsuite> <!-- TestCases.DoLogin -->
