<?xml version="1.0" encoding="UTF-8"?>
<!-- Generated by org.testng.reporters.JUnitReportReporter -->
<testsuite skipped="0" hostname="DESKTOP-IRE7K3E" name="TestCases.StockManagement" tests="4" failures="0" timestamp="2022-05-27T13:09:12 IST" time="96.758" errors="0">
  <testcase name="goToCompany" time="10.416" classname="TestCases.StockManagement"/>
  <system-out/>
  <testcase name="buyTheStock" time="35.816" classname="TestCases.StockManagement"/>
  <system-out/>
  <testcase name="sellTheStock" time="40.080" classname="TestCases.StockManagement"/>
  <system-out/>
  <testcase name="goToCompany" time="10.446" classname="TestCases.StockManagement"/>
  <system-out/>
</testsuite> <!-- TestCases.StockManagement -->
